<?xml version="1.0" encoding="UTF-8" standalone="no"?>
<testsuite failures="1" name="cucumber.runtime.formatter.JUnitFormatter" skipped="0" tests="1" time="41.728344">
<testcase classname="Tests livepersoninc Chatbot Website" name="livepersonic Chatot Senario" time="41.728344">
<failure message="java.lang.AssertionError: expected:&lt;true&gt; but was:&lt;false&gt;&#13;&#10;&#9;at org.junit.Assert.fail(Assert.java:89)&#13;&#10;&#9;at org.junit.Assert.failNotEquals(Assert.java:835)&#13;&#10;&#9;at org.junit.Assert.assertEquals(Assert.java:120)&#13;&#10;&#9;at org.junit.Assert.assertEquals(Assert.java:146)&#13;&#10;&#9;at cx.infinit.selenium.stepDefinitions.BotLivepersonincTest.close_the_browser(BotLivepersonincTest.java:161)&#13;&#10;&#9;at ✽.Then Close the browser(src/main/java/cx/infinit/selenium/Features/livepersoninc.feature:30)&#13;&#10;"><![CDATA[Given Webdriver Started.....................................................passed
Given Webdriver Properties are loadet.......................................passed
When Webdriverlogger is in LogLevel Level.INFO..............................passed
Then user opens livepersoninc...............................................passed
Then user opens LiveChat....................................................passed
Then user waits for option Chatmenu.........................................passed
Then user sends Read in Massage Texfield....................................passed
Then user waits for first Succeeded.........................................passed
Then user sends RESET in Massage Texfield...................................passed
Then user waits for first Session deleted...................................passed
Then user sends SQL in Massage Texfield.....................................passed
Then Close the browser......................................................failed

StackTrace:
java.lang.AssertionError: expected:<true> but was:<false>
	at org.junit.Assert.fail(Assert.java:89)
	at org.junit.Assert.failNotEquals(Assert.java:835)
	at org.junit.Assert.assertEquals(Assert.java:120)
	at org.junit.Assert.assertEquals(Assert.java:146)
	at cx.infinit.selenium.stepDefinitions.BotLivepersonincTest.close_the_browser(BotLivepersonincTest.java:161)
	at ✽.Then Close the browser(src/main/java/cx/infinit/selenium/Features/livepersoninc.feature:30)
]]></failure>
</testcase>
</testsuite>
